<?xml version="1.0" encoding="UTF-8"?>
<!-- Generated by org.testng.reporters.JUnitXMLReporter -->
<testsuite ignored="0" hostname="DESKTOP-CRP4OM8" failures="0" tests="3" name="Default test" time="12.294" errors="0" timestamp="2022-10-03T19:57:34 IST">
  <testcase classname="TestNgFramework.TestBasic" name="googleTitleTest" time="0.056"/>
  <testcase classname="TestNgFramework.TestBasic" name="googleLogoTest" time="0.182"/>
  <testcase classname="TestNgFramework.TestBasic" name="mailLinkTest" time="0.077"/>
</testsuite> <!-- Default test -->
