<?xml version="1.0" encoding="UTF-8"?>
<testng-results ignored="0" total="3" passed="3" failed="0" skipped="0">
  <reporter-output>
  </reporter-output>
  <suite started-at="2022-10-03T19:57:22 IST" name="Default suite" finished-at="2022-10-03T19:57:34 IST" duration-ms="12294">
    <groups>
    </groups>
    <test started-at="2022-10-03T19:57:22 IST" name="Default test" finished-at="2022-10-03T19:57:34 IST" duration-ms="12294">
      <class name="TestNgFramework.TestBasic">
        <test-method is-config="true" signature="setUp()[pri:0, instance:TestNgFramework.TestBasic@662b4c69]" started-at="2022-10-03T19:57:22 IST" name="setUp" finished-at="2022-10-03T19:57:27 IST" duration-ms="5085" status="PASS">
          <reporter-output>
          </reporter-output>
        </test-method> <!-- setUp -->
        <test-method signature="googleTitleTest()[pri:1, instance:TestNgFramework.TestBasic@662b4c69]" started-at="2022-10-03T19:57:27 IST" name="googleTitleTest" finished-at="2022-10-03T19:57:27 IST" duration-ms="56" status="PASS">
          <reporter-output>
          </reporter-output>
        </test-method> <!-- googleTitleTest -->
        <test-method is-config="true" signature="tearDown()[pri:0, instance:TestNgFramework.TestBasic@662b4c69]" started-at="2022-10-03T19:57:27 IST" name="tearDown" finished-at="2022-10-03T19:57:29 IST" duration-ms="1619" status="PASS">
          <reporter-output>
          </reporter-output>
        </test-method> <!-- tearDown -->
        <test-method is-config="true" signature="setUp()[pri:0, instance:TestNgFramework.TestBasic@662b4c69]" started-at="2022-10-03T19:57:29 IST" name="setUp" finished-at="2022-10-03T19:57:31 IST" duration-ms="2358" status="PASS">
          <reporter-output>
          </reporter-output>
        </test-method> <!-- setUp -->
        <test-method signature="googleLogoTest()[pri:2, instance:TestNgFramework.TestBasic@662b4c69]" started-at="2022-10-03T19:57:31 IST" name="googleLogoTest" finished-at="2022-10-03T19:57:31 IST" duration-ms="182" status="PASS">
          <reporter-output>
          </reporter-output>
        </test-method> <!-- googleLogoTest -->
        <test-method is-config="true" signature="tearDown()[pri:0, instance:TestNgFramework.TestBasic@662b4c69]" started-at="2022-10-03T19:57:31 IST" name="tearDown" finished-at="2022-10-03T19:57:32 IST" duration-ms="295" status="PASS">
          <reporter-output>
          </reporter-output>
        </test-method> <!-- tearDown -->
        <test-method is-config="true" signature="setUp()[pri:0, instance:TestNgFramework.TestBasic@662b4c69]" started-at="2022-10-03T19:57:32 IST" name="setUp" finished-at="2022-10-03T19:57:34 IST" duration-ms="2344" status="PASS">
          <reporter-output>
          </reporter-output>
        </test-method> <!-- setUp -->
        <test-method signature="mailLinkTest()[pri:3, instance:TestNgFramework.TestBasic@662b4c69]" started-at="2022-10-03T19:57:34 IST" name="mailLinkTest" finished-at="2022-10-03T19:57:34 IST" duration-ms="77" status="PASS">
          <reporter-output>
          </reporter-output>
        </test-method> <!-- mailLinkTest -->
        <test-method is-config="true" signature="tearDown()[pri:0, instance:TestNgFramework.TestBasic@662b4c69]" started-at="2022-10-03T19:57:34 IST" name="tearDown" finished-at="2022-10-03T19:57:34 IST" duration-ms="218" status="PASS">
          <reporter-output>
          </reporter-output>
        </test-method> <!-- tearDown -->
      </class> <!-- TestNgFramework.TestBasic -->
    </test> <!-- Default test -->
  </suite> <!-- Default suite -->
</testng-results>
